Running in Lattice mode


Starting:    C:\lscc\iCEcube2.2020.12\synpbase\bin64\mbin\synbatch.exe
Install:     C:\lscc\iCEcube2.2020.12\synpbase
Hostname:    DANSLAPTOP
Date:        Wed Jul 23 23:08:53 2025
Version:     L-2016.09L+ice40

Arguments:   -product synplify_pro -batch Project_3_syn.prj
ProductType: synplify_pro





log file: "C:\Users\danya\Desktop\IceFPGAWork\Project_3\Project_3\Project_3_Implmnt\Project_3.srr"
Running: Project_3_Implmnt in foreground

Running Project_3_syn|Project_3_Implmnt

Running: compile (Compile) on Project_3_syn|Project_3_Implmnt
# Wed Jul 23 23:08:53 2025

Running: compile_flow (Compile Process) on Project_3_syn|Project_3_Implmnt
# Wed Jul 23 23:08:53 2025

Running: compiler (Compile Input) on Project_3_syn|Project_3_Implmnt
# Wed Jul 23 23:08:53 2025
Copied C:\Users\danya\Desktop\IceFPGAWork\Project_3\Project_3\Project_3_Implmnt\synwork\Project_3_comp.srs to C:\Users\danya\Desktop\IceFPGAWork\Project_3\Project_3\Project_3_Implmnt\Project_3.srs

compiler completed
# Wed Jul 23 23:08:55 2025

Return Code: 0
Run Time:00h:00m:02s

Running: multi_srs_gen (Multi-srs Generator) on Project_3_syn|Project_3_Implmnt
# Wed Jul 23 23:08:55 2025

multi_srs_gen completed
# Wed Jul 23 23:08:55 2025

Return Code: 0
Run Time:00h:00m:00s
Copied C:\Users\danya\Desktop\IceFPGAWork\Project_3\Project_3\Project_3_Implmnt\synwork\Project_3_mult.srs to C:\Users\danya\Desktop\IceFPGAWork\Project_3\Project_3\Project_3_Implmnt\Project_3.srs
Complete: Compile Process on Project_3_syn|Project_3_Implmnt

Running: premap (Pre-mapping) on Project_3_syn|Project_3_Implmnt
# Wed Jul 23 23:08:55 2025

premap completed
# Wed Jul 23 23:08:55 2025

Return Code: 0
Run Time:00h:00m:00s
Complete: Compile on Project_3_syn|Project_3_Implmnt

Running: map (Map) on Project_3_syn|Project_3_Implmnt
# Wed Jul 23 23:08:55 2025
License granted for 4 parallel jobs

Running: fpga_mapper (Map & Optimize) on Project_3_syn|Project_3_Implmnt
# Wed Jul 23 23:08:55 2025
Copied C:\Users\danya\Desktop\IceFPGAWork\Project_3\Project_3\Project_3_Implmnt\synwork\Project_3_m.srm to C:\Users\danya\Desktop\IceFPGAWork\Project_3\Project_3\Project_3_Implmnt\Project_3.srm

fpga_mapper completed with warnings
# Wed Jul 23 23:08:56 2025

Return Code: 1
Run Time:00h:00m:01s
Complete: Map on Project_3_syn|Project_3_Implmnt
Complete: Logic Synthesis on Project_3_syn|Project_3_Implmnt

exit status=0

exit status=0

