Running in Lattice mode


Starting:    C:\lscc\iCEcube2.2020.12\synpbase\bin64\mbin\synbatch.exe
Install:     C:\lscc\iCEcube2.2020.12\synpbase
Hostname:    DANSLAPTOP
Date:        Tue Jul 22 01:40:29 2025
Version:     L-2016.09L+ice40

Arguments:   -product synplify_pro -batch Project_2_syn.prj
ProductType: synplify_pro





log file: "C:\Users\danya\Desktop\IceFPGAWork\Project_2\Project_2\Project_2_Implmnt\Project_2.srr"
Running: Project_2_Implmnt in foreground

Running Project_2_syn|Project_2_Implmnt

Running: compile (Compile) on Project_2_syn|Project_2_Implmnt
# Tue Jul 22 01:40:29 2025

Running: compile_flow (Compile Process) on Project_2_syn|Project_2_Implmnt
# Tue Jul 22 01:40:29 2025

Running: compiler (Compile Input) on Project_2_syn|Project_2_Implmnt
# Tue Jul 22 01:40:29 2025
Copied C:\Users\danya\Desktop\IceFPGAWork\Project_2\Project_2\Project_2_Implmnt\synwork\Project_2_comp.srs to C:\Users\danya\Desktop\IceFPGAWork\Project_2\Project_2\Project_2_Implmnt\Project_2.srs

compiler completed
# Tue Jul 22 01:40:31 2025

Return Code: 0
Run Time:00h:00m:02s

Running: multi_srs_gen (Multi-srs Generator) on Project_2_syn|Project_2_Implmnt
# Tue Jul 22 01:40:31 2025

multi_srs_gen completed
# Tue Jul 22 01:40:31 2025

Return Code: 0
Run Time:00h:00m:00s
Copied C:\Users\danya\Desktop\IceFPGAWork\Project_2\Project_2\Project_2_Implmnt\synwork\Project_2_mult.srs to C:\Users\danya\Desktop\IceFPGAWork\Project_2\Project_2\Project_2_Implmnt\Project_2.srs
Complete: Compile Process on Project_2_syn|Project_2_Implmnt

Running: premap (Pre-mapping) on Project_2_syn|Project_2_Implmnt
# Tue Jul 22 01:40:31 2025

premap completed
# Tue Jul 22 01:40:31 2025

Return Code: 0
Run Time:00h:00m:00s
Complete: Compile on Project_2_syn|Project_2_Implmnt

Running: map (Map) on Project_2_syn|Project_2_Implmnt
# Tue Jul 22 01:40:31 2025
License granted for 4 parallel jobs

Running: fpga_mapper (Map & Optimize) on Project_2_syn|Project_2_Implmnt
# Tue Jul 22 01:40:31 2025
Copied C:\Users\danya\Desktop\IceFPGAWork\Project_2\Project_2\Project_2_Implmnt\synwork\Project_2_m.srm to C:\Users\danya\Desktop\IceFPGAWork\Project_2\Project_2\Project_2_Implmnt\Project_2.srm

fpga_mapper completed
# Tue Jul 22 01:40:31 2025

Return Code: 0
Run Time:00h:00m:00s
Complete: Map on Project_2_syn|Project_2_Implmnt
Complete: Logic Synthesis on Project_2_syn|Project_2_Implmnt

exit status=0

exit status=0

